<?xml version="1.0" encoding="UTF-8"?>
<!-- Generated by org.testng.reporters.JUnitXMLReporter -->
<testsuite ignored="0" hostname="LAPTOP" failures="0" tests="1" name="Test" time="7.384" errors="0" timestamp="2023-03-24T08:16:36 IST">
  <testcase classname="obsquratest.ParametrizedValue" name="@AfterTest getBrowser" time="-1.679625996236E9">
    <failure type="org.testng.TestNGException" message="
Can inject only one of &amp;lt;ITestContext, XmlTest&amp;gt; into a @AfterTest annotated getBrowser.
For more information on native dependency injection please refer to https://testng.org/doc/documentation-main.html#native-dependency-injection">
      <![CDATA[org.testng.TestNGException: 
Can inject only one of <ITestContext, XmlTest> into a @AfterTest annotated getBrowser.
For more information on native dependency injection please refer to https://testng.org/doc/documentation-main.html#native-dependency-injection
... Removed 21 stack frames]]>
    </failure>
  </testcase> <!-- @AfterTest getBrowser -->
  <testcase classname="obsquratest.ParametrizedValue" name="test" time="1.025"/>
</testsuite> <!-- Test -->
