<?xml version="1.0" encoding="UTF-8"?>
<testng-results skipped="0" failed="0" total="1" passed="1">
  <reporter-output>
  </reporter-output>
  <suite name="Default suite" duration-ms="21107" started-at="2023-03-05T01:47:11Z" finished-at="2023-03-05T01:47:32Z">
    <groups>
    </groups>
    <test name="Default test" duration-ms="21107" started-at="2023-03-05T01:47:11Z" finished-at="2023-03-05T01:47:32Z">
      <class name="obsquratest.FormSubmit">
        <test-method status="PASS" signature="window1()[pri:0, instance:obsquratest.FormSubmit@402a079c]" name="window1" is-config="true" duration-ms="7674" started-at="2023-03-05T07:17:11Z" finished-at="2023-03-05T07:17:19Z">
          <reporter-output>
          </reporter-output>
        </test-method> <!-- window1 -->
        <test-method status="PASS" signature="submit()[pri:0, instance:obsquratest.FormSubmit@402a079c]" name="submit" duration-ms="13390" started-at="2023-03-05T07:17:19Z" finished-at="2023-03-05T07:17:32Z">
          <reporter-output>
          </reporter-output>
        </test-method> <!-- submit -->
      </class> <!-- obsquratest.FormSubmit -->
    </test> <!-- Default test -->
  </suite> <!-- Default suite -->
</testng-results>
