<?xml version="1.0" encoding="UTF-8"?>
<testng-results ignored="0" total="1" passed="1" failed="0" skipped="0">
  <reporter-output>
  </reporter-output>
  <suite started-at="2023-04-03T18:15:29 IST" name="Default suite" finished-at="2023-04-03T18:15:38 IST" duration-ms="8931">
    <groups>
    </groups>
    <test started-at="2023-04-03T18:15:29 IST" name="Default test" finished-at="2023-04-03T18:15:38 IST" duration-ms="8931">
      <class name="obsquratest.ExcelPgm">
        <test-method is-config="true" signature="beforeTest()[pri:0, instance:obsquratest.ExcelPgm@59309333]" started-at="2023-04-03T18:15:29 IST" name="beforeTest" finished-at="2023-04-03T18:15:33 IST" duration-ms="4057" status="PASS">
          <reporter-output>
          </reporter-output>
        </test-method> <!-- beforeTest -->
        <test-method signature="f(java.lang.String,java.lang.String)[pri:0, instance:obsquratest.ExcelPgm@59309333]" started-at="2023-04-03T18:15:35 IST" name="f" data-provider="userData" finished-at="2023-04-03T18:15:38 IST" duration-ms="3564" status="PASS">
          <params>
            <param index="0">
              <value>
                <![CDATA[1234]]>
              </value>
            </param>
            <param index="1">
              <value>
                <![CDATA[ninu]]>
              </value>
            </param>
          </params>
          <reporter-output>
          </reporter-output>
        </test-method> <!-- f -->
        <test-method is-config="true" signature="afterTest()[pri:0, instance:obsquratest.ExcelPgm@59309333]" started-at="2023-04-03T18:15:38 IST" name="afterTest" finished-at="2023-04-03T18:15:38 IST" duration-ms="2" status="PASS">
          <reporter-output>
          </reporter-output>
        </test-method> <!-- afterTest -->
      </class> <!-- obsquratest.ExcelPgm -->
    </test> <!-- Default test -->
  </suite> <!-- Default suite -->
</testng-results>
